<?xml version="1.0" encoding="UTF-8"?>
<!-- Generated by org.testng.reporters.JUnitXMLReporter -->
<testsuite hostname="LAPTOP-HI5B5J5V" name="Test" tests="1" failures="1" timestamp="9 Nov 2019 13:14:43 GMT" time="2.549" errors="0">
  <testcase name="feature" time="2.038" classname="com.qa.JCore.Runner.Runner">
    <failure type="cucumber.runtime.CucumberException" message="java.lang.RuntimeException: No Browse Driver found to start Test Exection">
      <![CDATA[cucumber.runtime.CucumberException: java.lang.RuntimeException: No Browse Driver found to start Test Exection
	at cucumber.api.testng.TestNGCucumberRunner.runCucumber(TestNGCucumberRunner.java:69)
	at com.qa.JCore.Runner.Runner.feature(Runner.java:29)
Caused by: java.lang.RuntimeException: No Browse Driver found to start Test Exection
	at com.qa.JCore.Pages.BasePage.setUpDriver(BasePage.java:96)
	at com.qa.JCore.stepDefinitions.ServiceHooks.startTest(ServiceHooks.java:24)
	at cucumber.runtime.Utils$1.call(Utils.java:40)
	at cucumber.runtime.Timeout.timeout(Timeout.java:16)
	at cucumber.runtime.Utils.invoke(Utils.java:34)
	at cucumber.runtime.java.JavaHookDefinition.execute(JavaHookDefinition.java:60)
	at cucumber.runtime.Runtime.runHookIfTagsMatch(Runtime.java:224)
	at cucumber.runtime.Runtime.runHooks(Runtime.java:212)
	at cucumber.runtime.Runtime.runBeforeHooks(Runtime.java:202)
	at cucumber.runtime.model.CucumberScenario.run(CucumberScenario.java:40)
	at cucumber.runtime.model.CucumberFeature.run(CucumberFeature.java:165)
	at cucumber.api.testng.TestNGCucumberRunner.runCucumber(TestNGCucumberRunner.java:63)
	... 25 more
... Removed 28 stack frames]]>
    </failure>
  </testcase> <!-- feature -->
</testsuite> <!-- Test -->
